<?xml version="1.0" encoding="UTF-8"?>
<testsuite name="cs.eng1.piazzapanic.tests.AssetTests" tests="5" skipped="0" failures="0" errors="0" timestamp="2023-05-02T14:04:14" hostname="DESKTOP-V83RQT2" time="0.068">
  <properties/>
  <testcase name="testChefAssetsExist" classname="cs.eng1.piazzapanic.tests.AssetTests" time="0.005"/>
  <testcase name="testUIAssetsExist" classname="cs.eng1.piazzapanic.tests.AssetTests" time="0.003"/>
  <testcase name="testFontAssetsExist" classname="cs.eng1.piazzapanic.tests.AssetTests" time="0.001"/>
  <testcase name="testFoodAssetsExist" classname="cs.eng1.piazzapanic.tests.AssetTests" time="0.005"/>
  <testcase name="testMapExists" classname="cs.eng1.piazzapanic.tests.AssetTests" time="0.001"/>
  <system-out><![CDATA[]]></system-out>
  <system-err><![CDATA[]]></system-err>
</testsuite>
