<?xml version="1.0" encoding="UTF-8"?>
<testsuite name="cs.eng1.piazzapanic.tests.RecipeStationTests" tests="9" skipped="0" failures="0" errors="0" timestamp="2023-05-03T00:51:32" hostname="ROBINS-GAMING-D" time="0.437">
  <properties/>
  <testcase name="doStationActionMakeBurgerTest" classname="cs.eng1.piazzapanic.tests.RecipeStationTests" time="0.041"/>
  <testcase name="getActionTypesTest" classname="cs.eng1.piazzapanic.tests.RecipeStationTests" time="0.05"/>
  <testcase name="doStationActionMakeSaladTest" classname="cs.eng1.piazzapanic.tests.RecipeStationTests" time="0.04"/>
  <testcase name="doStationActionSubmitOrderTest" classname="cs.eng1.piazzapanic.tests.RecipeStationTests" time="0.042"/>
  <testcase name="test" classname="cs.eng1.piazzapanic.tests.RecipeStationTests" time="0.0"/>
  <testcase name="doStationActionPlaceTest" classname="cs.eng1.piazzapanic.tests.RecipeStationTests" time="0.041"/>
  <testcase name="doStationActionMakePizzaTest" classname="cs.eng1.piazzapanic.tests.RecipeStationTests" time="0.045"/>
  <testcase name="doStationActionMakeJacketPotatoTest" classname="cs.eng1.piazzapanic.tests.RecipeStationTests" time="0.035"/>
  <testcase name="resetTest" classname="cs.eng1.piazzapanic.tests.RecipeStationTests" time="0.001"/>
  <system-out><![CDATA[null
cs.eng1.piazzapanic.food.recipes.Burger@5a253462
null
null
null
cs.eng1.piazzapanic.food.recipes.Salad@22735b3c
null
null
null
null
null
cs.eng1.piazzapanic.food.recipes.Pizza@1697b241
null
cs.eng1.piazzapanic.food.recipes.JacketPotato@65e212d5
]]></system-out>
  <system-err><![CDATA[]]></system-err>
</testsuite>
