<?xml version="1.0" encoding="UTF-8"?>
<testsuite name="cs.eng1.piazzapanic.tests.PowerupTests" tests="1" skipped="0" failures="0" errors="0" timestamp="2023-05-02T12:42:35" hostname="DESKTOP-V83RQT2" time="0.006">
  <properties/>
  <testcase name="test" classname="cs.eng1.piazzapanic.tests.PowerupTests" time="0.006"/>
  <system-out><![CDATA[]]></system-out>
  <system-err><![CDATA[]]></system-err>
</testsuite>
