<?xml version="1.0" encoding="UTF-8"?>
<testsuite name="cs.eng1.piazzapanic.tests.PowerupTests" tests="3" skipped="0" failures="0" errors="0" timestamp="2023-05-03T00:18:11" hostname="ROBINS-GAMING-D" time="0.236">
  <properties/>
  <testcase name="testPrepSpeedupPowerup" classname="cs.eng1.piazzapanic.tests.PowerupTests" time="0.076"/>
  <testcase name="testResetCustomerWait" classname="cs.eng1.piazzapanic.tests.PowerupTests" time="0.044"/>
  <testcase name="testChefSpeedupPowerup" classname="cs.eng1.piazzapanic.tests.PowerupTests" time="0.081"/>
  <system-out><![CDATA[5.0
speed up prep
2.5
speed up chef
]]></system-out>
  <system-err><![CDATA[]]></system-err>
</testsuite>
