<?xml version="1.0" encoding="UTF-8"?>
<testsuite name="cs.eng1.piazzapanic.tests.IngredientStationTest" tests="1" skipped="0" failures="0" errors="0" timestamp="2023-05-02T23:04:41" hostname="ROBINS-GAMING-D" time="0.044">
  <properties/>
  <testcase name="testDoStationActionGrab" classname="cs.eng1.piazzapanic.tests.IngredientStationTest" time="0.044"/>
  <system-out><![CDATA[]]></system-out>
  <system-err><![CDATA[]]></system-err>
</testsuite>
