<?xml version="1.0" encoding="UTF-8"?>
<testsuite name="cs.eng1.piazzapanic.tests.BakingStationTests" tests="1" skipped="0" failures="0" errors="0" timestamp="2023-05-02T22:38:21" hostname="ROBINS-GAMING-D" time="0.363">
  <properties/>
  <testcase name="test" classname="cs.eng1.piazzapanic.tests.BakingStationTests" time="0.363"/>
  <system-out><![CDATA[]]></system-out>
  <system-err><![CDATA[]]></system-err>
</testsuite>
