<?xml version="1.0" encoding="UTF-8"?>
<testsuite name="cs.eng1.piazzapanic.tests.MoneyTests" tests="3" skipped="0" failures="0" errors="0" timestamp="2023-05-02T16:36:20" hostname="SUS" time="0.118">
  <properties/>
  <testcase name="subtractMoneyTest" classname="cs.eng1.piazzapanic.tests.MoneyTests" time="0.078"/>
  <testcase name="addMoneyTest" classname="cs.eng1.piazzapanic.tests.MoneyTests" time="0.007"/>
  <testcase name="getMoneyTest" classname="cs.eng1.piazzapanic.tests.MoneyTests" time="0.005"/>
  <system-out><![CDATA[]]></system-out>
  <system-err><![CDATA[]]></system-err>
</testsuite>
