<?xml version="1.0" encoding="UTF-8"?>
<testsuite name="cs.eng1.piazzapanic.tests.ChefTests" tests="12" skipped="0" failures="0" errors="0" timestamp="2023-05-03T01:08:51" hostname="ROBINS-GAMING-D" time="0.792">
  <properties/>
  <testcase name="testCantOverfillStack" classname="cs.eng1.piazzapanic.tests.ChefTests" time="0.039"/>
  <testcase name="testInputDisabled" classname="cs.eng1.piazzapanic.tests.ChefTests" time="0.036"/>
  <testcase name="testSpeedupPrepping" classname="cs.eng1.piazzapanic.tests.ChefTests" time="0.044"/>
  <testcase name="testSpeedDownPrepping" classname="cs.eng1.piazzapanic.tests.ChefTests" time="0.058"/>
  <testcase name="testInit" classname="cs.eng1.piazzapanic.tests.ChefTests" time="0.049"/>
  <testcase name="testCanBePaused" classname="cs.eng1.piazzapanic.tests.ChefTests" time="0.054"/>
  <testcase name="testCanBeUnpaused" classname="cs.eng1.piazzapanic.tests.ChefTests" time="0.053"/>
  <testcase name="testPlaceIngredient" classname="cs.eng1.piazzapanic.tests.ChefTests" time="0.056"/>
  <testcase name="testInputEnabled" classname="cs.eng1.piazzapanic.tests.ChefTests" time="0.048"/>
  <testcase name="testGrabIngredient" classname="cs.eng1.piazzapanic.tests.ChefTests" time="0.05"/>
  <testcase name="testSpeedupSpeed" classname="cs.eng1.piazzapanic.tests.ChefTests" time="0.056"/>
  <testcase name="testSpeedDownSpeed" classname="cs.eng1.piazzapanic.tests.ChefTests" time="0.048"/>
  <system-out><![CDATA[]]></system-out>
  <system-err><![CDATA[]]></system-err>
</testsuite>
