<?xml version="1.0" encoding="UTF-8"?>
<testsuite name="cs.eng1.piazzapanic.tests.ChoppingStationTests" tests="1" skipped="0" failures="0" errors="0" timestamp="2023-05-02T22:54:22" hostname="ROBINS-GAMING-D" time="0.329">
  <properties/>
  <testcase name="testReset" classname="cs.eng1.piazzapanic.tests.ChoppingStationTests" time="0.329"/>
  <system-out><![CDATA[]]></system-out>
  <system-err><![CDATA[]]></system-err>
</testsuite>
