<?xml version="1.0" encoding="UTF-8"?>
<testsuite name="cs.eng1.piazzapanic.tests.RecipeStationTests" tests="1" skipped="0" failures="0" errors="0" timestamp="2023-05-02T16:37:16" hostname="ROBINS-GAMING-D" time="0.001">
  <properties/>
  <testcase name="test" classname="cs.eng1.piazzapanic.tests.RecipeStationTests" time="0.001"/>
  <system-out><![CDATA[]]></system-out>
  <system-err><![CDATA[]]></system-err>
</testsuite>
