<?xml version="1.0" encoding="UTF-8"?>
<testsuite name="cs.eng1.piazzapanic.tests.ChefManagerTests" tests="1" skipped="0" failures="0" errors="0" timestamp="2023-05-02T16:39:41" hostname="ROBINS-GAMING-D" time="0.157">
  <properties/>
  <testcase name="testChefManagerWorks" classname="cs.eng1.piazzapanic.tests.ChefManagerTests" time="0.157"/>
  <system-out><![CDATA[]]></system-out>
  <system-err><![CDATA[]]></system-err>
</testsuite>
