<?xml version="1.0" encoding="UTF-8"?>
<testsuite name="cs.eng1.piazzapanic.tests.ChefTests" tests="12" skipped="0" failures="0" errors="0" timestamp="2023-05-03T00:51:30" hostname="ROBINS-GAMING-D" time="0.618">
  <properties/>
  <testcase name="testCantOverfillStack" classname="cs.eng1.piazzapanic.tests.ChefTests" time="0.037"/>
  <testcase name="testInputDisabled" classname="cs.eng1.piazzapanic.tests.ChefTests" time="0.035"/>
  <testcase name="testSpeedupPrepping" classname="cs.eng1.piazzapanic.tests.ChefTests" time="0.037"/>
  <testcase name="testSpeedDownPrepping" classname="cs.eng1.piazzapanic.tests.ChefTests" time="0.035"/>
  <testcase name="testInit" classname="cs.eng1.piazzapanic.tests.ChefTests" time="0.034"/>
  <testcase name="testCanBePaused" classname="cs.eng1.piazzapanic.tests.ChefTests" time="0.035"/>
  <testcase name="testCanBeUnpaused" classname="cs.eng1.piazzapanic.tests.ChefTests" time="0.034"/>
  <testcase name="testPlaceIngredient" classname="cs.eng1.piazzapanic.tests.ChefTests" time="0.034"/>
  <testcase name="testInputEnabled" classname="cs.eng1.piazzapanic.tests.ChefTests" time="0.035"/>
  <testcase name="testGrabIngredient" classname="cs.eng1.piazzapanic.tests.ChefTests" time="0.037"/>
  <testcase name="testSpeedupSpeed" classname="cs.eng1.piazzapanic.tests.ChefTests" time="0.035"/>
  <testcase name="testSpeedDownSpeed" classname="cs.eng1.piazzapanic.tests.ChefTests" time="0.037"/>
  <system-out><![CDATA[]]></system-out>
  <system-err><![CDATA[]]></system-err>
</testsuite>
