<?xml version="1.0" encoding="UTF-8"?>
<testsuite name="cs.eng1.piazzapanic.tests.CustomerManagerTests" tests="1" skipped="0" failures="0" errors="0" timestamp="2023-05-02T12:42:35" hostname="DESKTOP-V83RQT2" time="0.009">
  <properties/>
  <testcase name="test" classname="cs.eng1.piazzapanic.tests.CustomerManagerTests" time="0.009"/>
  <system-out><![CDATA[]]></system-out>
  <system-err><![CDATA[]]></system-err>
</testsuite>
