<?xml version="1.0" encoding="UTF-8"?>
<testsuite name="cs.eng1.piazzapanic.tests.IngredientStationTest" tests="4" skipped="0" failures="0" errors="0" timestamp="2023-05-03T00:51:31" hostname="ROBINS-GAMING-D" time="0.164">
  <properties/>
  <testcase name="testDraw" classname="cs.eng1.piazzapanic.tests.IngredientStationTest" time="0.073"/>
  <testcase name="testGetActionTypes" classname="cs.eng1.piazzapanic.tests.IngredientStationTest" time="0.001"/>
  <testcase name="testDoStationAction" classname="cs.eng1.piazzapanic.tests.IngredientStationTest" time="0.0"/>
  <testcase name="testDoStationActionGrab" classname="cs.eng1.piazzapanic.tests.IngredientStationTest" time="0.039"/>
  <system-out><![CDATA[]]></system-out>
  <system-err><![CDATA[]]></system-err>
</testsuite>
