<?xml version="1.0" encoding="UTF-8"?>
<testsuite name="cs.eng1.piazzapanic.tests.ChoppingStationTests" tests="4" skipped="0" failures="0" errors="0" timestamp="2023-05-03T01:08:51" hostname="ROBINS-GAMING-D" time="0.248">
  <properties/>
  <testcase name="testReset" classname="cs.eng1.piazzapanic.tests.ChoppingStationTests" time="0.051"/>
  <testcase name="testDoStationActionPlace" classname="cs.eng1.piazzapanic.tests.ChoppingStationTests" time="0.048"/>
  <testcase name="testDoStationActionChop" classname="cs.eng1.piazzapanic.tests.ChoppingStationTests" time="0.044"/>
  <testcase name="testDoStationActionGrab" classname="cs.eng1.piazzapanic.tests.ChoppingStationTests" time="0.047"/>
  <system-out><![CDATA[]]></system-out>
  <system-err><![CDATA[]]></system-err>
</testsuite>
