<?xml version="1.0" encoding="UTF-8"?>
<testsuite name="cs.eng1.piazzapanic.tests.TimerTests" tests="5" skipped="0" failures="0" errors="0" timestamp="2023-05-02T16:39:42" hostname="ROBINS-GAMING-D" time="0.068">
  <properties/>
  <testcase name="testTimerStarts" classname="cs.eng1.piazzapanic.tests.TimerTests" time="0.002"/>
  <testcase name="testTimerInit" classname="cs.eng1.piazzapanic.tests.TimerTests" time="0.002"/>
  <testcase name="testTimerReset" classname="cs.eng1.piazzapanic.tests.TimerTests" time="0.002"/>
  <testcase name="testTimerStops" classname="cs.eng1.piazzapanic.tests.TimerTests" time="0.002"/>
  <testcase name="testSetTimer" classname="cs.eng1.piazzapanic.tests.TimerTests" time="0.002"/>
  <system-out><![CDATA[]]></system-out>
  <system-err><![CDATA[]]></system-err>
</testsuite>
