<?xml version="1.0" encoding="UTF-8"?>
<testsuite name="cs.eng1.piazzapanic.tests.ChefTests" tests="1" skipped="0" failures="1" errors="0" timestamp="2023-05-01T20:26:01" hostname="ROBINS-GAMING-D" time="0.101">
  <properties/>
  <testcase name="testSpeedupSpeed" classname="cs.eng1.piazzapanic.tests.ChefTests" time="0.101">
    <failure message="java.lang.AssertionError: Use assertEquals(expected, actual, delta) to compare floating-point numbers" type="java.lang.AssertionError">java.lang.AssertionError: Use assertEquals(expected, actual, delta) to compare floating-point numbers
	at org.junit.Assert.fail(Assert.java:89)
	at org.junit.Assert.assertEquals(Assert.java:669)
	at org.junit.Assert.assertEquals(Assert.java:658)
	at cs.eng1.piazzapanic.tests.ChefTests.testSpeedupSpeed(ChefTests.java:90)
	at java.base/jdk.internal.reflect.DirectMethodHandleAccessor.invoke(DirectMethodHandleAccessor.java:104)
	at java.base/java.lang.reflect.Method.invoke(Method.java:577)
	at org.junit.runners.model.FrameworkMethod$1.runReflectiveCall(FrameworkMethod.java:59)
	at org.junit.internal.runners.model.ReflectiveCallable.run(ReflectiveCallable.java:12)
	at org.junit.runners.model.FrameworkMethod.invokeExplosively(FrameworkMethod.java:56)
	at org.junit.internal.runners.statements.InvokeMethod.evaluate(InvokeMethod.java:17)
	at org.junit.runners.ParentRunner$3.evaluate(ParentRunner.java:306)
	at org.junit.runners.BlockJUnit4ClassRunner$1.evaluate(BlockJUnit4ClassRunner.java:100)
	at org.junit.runners.ParentRunner.runLeaf(ParentRunner.java:366)
	at org.junit.runners.BlockJUnit4ClassRunner.runChild(BlockJUnit4ClassRunner.java:103)
	at cs.eng1.piazzapanic.tests.GdxTestRunner.render(GdxTestRunner.java:44)
	at com.badlogic.gdx.backends.headless.HeadlessApplication.mainLoop(HeadlessApplication.java:128)
	at com.badlogic.gdx.backends.headless.HeadlessApplication$1.run(HeadlessApplication.java:93)
</failure>
  </testcase>
  <system-out><![CDATA[]]></system-out>
  <system-err><![CDATA[]]></system-err>
</testsuite>
