<?xml version="1.0" encoding="UTF-8"?>
<testsuite name="cs.eng1.piazzapanic.tests.AssetTests" tests="5" skipped="0" failures="0" errors="0" timestamp="2023-05-03T01:08:50" hostname="ROBINS-GAMING-D" time="0.079">
  <properties/>
  <testcase name="testChefAssetsExist" classname="cs.eng1.piazzapanic.tests.AssetTests" time="0.007"/>
  <testcase name="testUIAssetsExist" classname="cs.eng1.piazzapanic.tests.AssetTests" time="0.004"/>
  <testcase name="testFontAssetsExist" classname="cs.eng1.piazzapanic.tests.AssetTests" time="0.002"/>
  <testcase name="testFoodAssetsExist" classname="cs.eng1.piazzapanic.tests.AssetTests" time="0.005"/>
  <testcase name="testMapExists" classname="cs.eng1.piazzapanic.tests.AssetTests" time="0.001"/>
  <system-out><![CDATA[]]></system-out>
  <system-err><![CDATA[]]></system-err>
</testsuite>
