<?xml version="1.0" encoding="UTF-8"?>
<testsuite name="cs.eng1.piazzapanic.tests.RecipeStationTests" tests="9" skipped="0" failures="0" errors="0" timestamp="2023-05-03T00:18:11" hostname="ROBINS-GAMING-D" time="0.44">
  <properties/>
  <testcase name="doStationActionMakeBurgerTest" classname="cs.eng1.piazzapanic.tests.RecipeStationTests" time="0.045"/>
  <testcase name="getActionTypesTest" classname="cs.eng1.piazzapanic.tests.RecipeStationTests" time="0.04"/>
  <testcase name="doStationActionMakeSaladTest" classname="cs.eng1.piazzapanic.tests.RecipeStationTests" time="0.043"/>
  <testcase name="doStationActionSubmitOrderTest" classname="cs.eng1.piazzapanic.tests.RecipeStationTests" time="0.04"/>
  <testcase name="test" classname="cs.eng1.piazzapanic.tests.RecipeStationTests" time="0.001"/>
  <testcase name="doStationActionPlaceTest" classname="cs.eng1.piazzapanic.tests.RecipeStationTests" time="0.039"/>
  <testcase name="doStationActionMakePizzaTest" classname="cs.eng1.piazzapanic.tests.RecipeStationTests" time="0.051"/>
  <testcase name="doStationActionMakeJacketPotatoTest" classname="cs.eng1.piazzapanic.tests.RecipeStationTests" time="0.039"/>
  <testcase name="resetTest" classname="cs.eng1.piazzapanic.tests.RecipeStationTests" time="0.001"/>
  <system-out><![CDATA[null
cs.eng1.piazzapanic.food.recipes.Burger@1572c722
null
null
null
cs.eng1.piazzapanic.food.recipes.Salad@6dfe738e
null
null
null
null
null
cs.eng1.piazzapanic.food.recipes.Pizza@4c8e4157
null
cs.eng1.piazzapanic.food.recipes.JacketPotato@4f46c433
]]></system-out>
  <system-err><![CDATA[]]></system-err>
</testsuite>
