<?xml version="1.0" encoding="UTF-8"?>
<testsuite name="cs.eng1.piazzapanic.tests.ChefManagerTests" tests="2" skipped="0" failures="0" errors="0" timestamp="2023-05-02T23:04:40" hostname="ROBINS-GAMING-D" time="0.222">
  <properties/>
  <testcase name="testAddThirdChef" classname="cs.eng1.piazzapanic.tests.ChefManagerTests" time="0.107"/>
  <testcase name="testSetCurrentChef" classname="cs.eng1.piazzapanic.tests.ChefManagerTests" time="0.096"/>
  <system-out><![CDATA[]]></system-out>
  <system-err><![CDATA[]]></system-err>
</testsuite>
