<?xml version="1.0" encoding="UTF-8"?>
<testsuite name="cs.eng1.piazzapanic.tests.IngredientTest" tests="8" skipped="0" failures="0" errors="0" timestamp="2023-05-03T00:51:31" hostname="ROBINS-GAMING-D" time="0.118">
  <properties/>
  <testcase name="testGetTexture" classname="cs.eng1.piazzapanic.tests.IngredientTest" time="0.001"/>
  <testcase name="testToString" classname="cs.eng1.piazzapanic.tests.IngredientTest" time="0.001"/>
  <testcase name="testCanBeHalfCooked" classname="cs.eng1.piazzapanic.tests.IngredientTest" time="0.001"/>
  <testcase name="testCanBeCooked" classname="cs.eng1.piazzapanic.tests.IngredientTest" time="0.001"/>
  <testcase name="testGetType" classname="cs.eng1.piazzapanic.tests.IngredientTest" time="0.0"/>
  <testcase name="testCanBeChopped" classname="cs.eng1.piazzapanic.tests.IngredientTest" time="0.001"/>
  <testcase name="testCanBeBaked" classname="cs.eng1.piazzapanic.tests.IngredientTest" time="0.001"/>
  <testcase name="testCanBeBurnt" classname="cs.eng1.piazzapanic.tests.IngredientTest" time="0.001"/>
  <system-out><![CDATA[]]></system-out>
  <system-err><![CDATA[]]></system-err>
</testsuite>
