<?xml version="1.0" encoding="UTF-8"?>
<testsuite name="cs.eng1.piazzapanic.tests.ChefTests" tests="13" skipped="0" failures="0" errors="0" timestamp="2023-05-02T12:42:34" hostname="DESKTOP-V83RQT2" time="0.624">
  <properties/>
  <testcase name="testCantOverfillStack" classname="cs.eng1.piazzapanic.tests.ChefTests" time="0.043"/>
  <testcase name="testHasIngredient" classname="cs.eng1.piazzapanic.tests.ChefTests" time="0.031"/>
  <testcase name="testInputDisabled" classname="cs.eng1.piazzapanic.tests.ChefTests" time="0.033"/>
  <testcase name="testSpeedupPrepping" classname="cs.eng1.piazzapanic.tests.ChefTests" time="0.031"/>
  <testcase name="testSpeedDownPrepping" classname="cs.eng1.piazzapanic.tests.ChefTests" time="0.039"/>
  <testcase name="testCanBePaused" classname="cs.eng1.piazzapanic.tests.ChefTests" time="0.042"/>
  <testcase name="test" classname="cs.eng1.piazzapanic.tests.ChefTests" time="0.001"/>
  <testcase name="testCanBeUnpaused" classname="cs.eng1.piazzapanic.tests.ChefTests" time="0.031"/>
  <testcase name="testPlaceIngredient" classname="cs.eng1.piazzapanic.tests.ChefTests" time="0.032"/>
  <testcase name="testInputEnabled" classname="cs.eng1.piazzapanic.tests.ChefTests" time="0.03"/>
  <testcase name="testGrabIngredient" classname="cs.eng1.piazzapanic.tests.ChefTests" time="0.03"/>
  <testcase name="testSpeedupSpeed" classname="cs.eng1.piazzapanic.tests.ChefTests" time="0.03"/>
  <testcase name="testSpeedDownSpeed" classname="cs.eng1.piazzapanic.tests.ChefTests" time="0.031"/>
  <system-out><![CDATA[]]></system-out>
  <system-err><![CDATA[]]></system-err>
</testsuite>
