<?xml version="1.0" encoding="UTF-8"?>
<testsuite name="cs.eng1.piazzapanic.tests.MoneyTests" tests="3" skipped="0" failures="0" errors="0" timestamp="2023-05-03T01:08:53" hostname="ROBINS-GAMING-D" time="0.058">
  <properties/>
  <testcase name="subtractMoneyTest" classname="cs.eng1.piazzapanic.tests.MoneyTests" time="0.017"/>
  <testcase name="addMoneyTest" classname="cs.eng1.piazzapanic.tests.MoneyTests" time="0.003"/>
  <testcase name="getMoneyTest" classname="cs.eng1.piazzapanic.tests.MoneyTests" time="0.003"/>
  <system-out><![CDATA[]]></system-out>
  <system-err><![CDATA[]]></system-err>
</testsuite>
