<?xml version="1.0" encoding="UTF-8"?>
<testsuite name="cs.eng1.piazzapanic.tests.RecipeStationTests" tests="9" skipped="0" failures="0" errors="0" timestamp="2023-05-03T01:08:53" hostname="ROBINS-GAMING-D" time="0.486">
  <properties/>
  <testcase name="doStationActionMakeBurgerTest" classname="cs.eng1.piazzapanic.tests.RecipeStationTests" time="0.048"/>
  <testcase name="getActionTypesTest" classname="cs.eng1.piazzapanic.tests.RecipeStationTests" time="0.045"/>
  <testcase name="doStationActionMakeSaladTest" classname="cs.eng1.piazzapanic.tests.RecipeStationTests" time="0.051"/>
  <testcase name="doStationActionSubmitOrderTest" classname="cs.eng1.piazzapanic.tests.RecipeStationTests" time="0.051"/>
  <testcase name="test" classname="cs.eng1.piazzapanic.tests.RecipeStationTests" time="0.001"/>
  <testcase name="doStationActionPlaceTest" classname="cs.eng1.piazzapanic.tests.RecipeStationTests" time="0.053"/>
  <testcase name="doStationActionMakePizzaTest" classname="cs.eng1.piazzapanic.tests.RecipeStationTests" time="0.046"/>
  <testcase name="doStationActionMakeJacketPotatoTest" classname="cs.eng1.piazzapanic.tests.RecipeStationTests" time="0.047"/>
  <testcase name="resetTest" classname="cs.eng1.piazzapanic.tests.RecipeStationTests" time="0.002"/>
  <system-out><![CDATA[null
cs.eng1.piazzapanic.food.recipes.Burger@45405e08
null
null
null
cs.eng1.piazzapanic.food.recipes.Salad@3dfdb9da
null
null
null
null
null
cs.eng1.piazzapanic.food.recipes.Pizza@7df45d1e
null
cs.eng1.piazzapanic.food.recipes.JacketPotato@3a83ecb6
]]></system-out>
  <system-err><![CDATA[]]></system-err>
</testsuite>
